<?xml version="1.0" encoding="UTF-8"?>
<testng-results ignored="0" total="6" passed="5" failed="1" skipped="0">
  <reporter-output>
  </reporter-output>
  <suite started-at="2024-11-21T18:27:11 IST" name="Suite" finished-at="2024-11-21T18:28:01 IST" duration-ms="50546">
    <groups>
      <group name="Addproduct">
        <method signature="SubmitOrder.submitorder(java.util.HashMap)[pri:0, instance:rahulshettyacademy.tests.SubmitOrder@29ca3d04]" name="submitorder" class="rahulshettyacademy.tests.SubmitOrder"/>
      </group> <!-- Addproduct -->
    </groups>
    <test started-at="2024-11-21T18:27:11 IST" name="Test" finished-at="2024-11-21T18:28:01 IST" duration-ms="50546">
      <class name="rahulshettyacademy.tests.SubmitOrder">
        <test-method is-config="true" signature="driverlaunch()[pri:0, instance:rahulshettyacademy.tests.SubmitOrder@29ca3d04]" started-at="2024-11-21T18:27:11 IST" name="driverlaunch" finished-at="2024-11-21T18:27:16 IST" duration-ms="4897" status="PASS">
          <reporter-output>
          </reporter-output>
        </test-method> <!-- driverlaunch -->
        <test-method signature="submitorder(java.util.HashMap)[pri:0, instance:rahulshettyacademy.tests.SubmitOrder@29ca3d04]" started-at="2024-11-21T18:27:16 IST" name="submitorder" data-provider="getdata" finished-at="2024-11-21T18:27:20 IST" duration-ms="4443" status="PASS">
          <params>
            <param index="0">
              <value>
                <![CDATA[{password=Varun@1234, product=ZARA COAT 3, email=naveen@gmailyahoo.com}]]>
              </value>
            </param>
          </params>
          <reporter-output>
          </reporter-output>
        </test-method> <!-- submitorder -->
        <test-method is-config="true" signature="driverlaunch()[pri:0, instance:rahulshettyacademy.tests.SubmitOrder@29ca3d04]" started-at="2024-11-21T18:27:20 IST" name="driverlaunch" finished-at="2024-11-21T18:27:25 IST" duration-ms="4133" status="PASS">
          <reporter-output>
          </reporter-output>
        </test-method> <!-- driverlaunch -->
        <test-method signature="submitorder(java.util.HashMap)[pri:0, instance:rahulshettyacademy.tests.SubmitOrder@29ca3d04]" started-at="2024-11-21T18:27:25 IST" name="submitorder" data-provider="getdata" finished-at="2024-11-21T18:27:29 IST" duration-ms="4694" status="PASS">
          <params>
            <param index="0">
              <value>
                <![CDATA[{password=Varun@1234, product=ADIDAS ORIGINAL, email=naveen1@gmailyahoo.com}]]>
              </value>
            </param>
          </params>
          <reporter-output>
          </reporter-output>
        </test-method> <!-- submitorder -->
        <test-method is-config="true" signature="driverlaunch()[pri:0, instance:rahulshettyacademy.tests.SubmitOrder@29ca3d04]" started-at="2024-11-21T18:27:29 IST" name="driverlaunch" finished-at="2024-11-21T18:27:32 IST" duration-ms="2978" status="PASS">
          <reporter-output>
          </reporter-output>
        </test-method> <!-- driverlaunch -->
        <test-method signature="verifyorder(java.util.HashMap)[pri:0, instance:rahulshettyacademy.tests.SubmitOrder@29ca3d04]" started-at="2024-11-21T18:27:32 IST" name="verifyorder" data-provider="getdata" finished-at="2024-11-21T18:27:34 IST" depends-on-methods="rahulshettyacademy.tests.SubmitOrder.submitorder" duration-ms="1743" status="PASS">
          <params>
            <param index="0">
              <value>
                <![CDATA[{password=Varun@1234, product=ZARA COAT 3, email=naveen@gmailyahoo.com}]]>
              </value>
            </param>
          </params>
          <reporter-output>
          </reporter-output>
        </test-method> <!-- verifyorder -->
        <test-method is-config="true" signature="driverlaunch()[pri:0, instance:rahulshettyacademy.tests.SubmitOrder@29ca3d04]" started-at="2024-11-21T18:27:34 IST" name="driverlaunch" finished-at="2024-11-21T18:27:44 IST" duration-ms="9700" status="PASS">
          <reporter-output>
          </reporter-output>
        </test-method> <!-- driverlaunch -->
        <test-method signature="verifyorder(java.util.HashMap)[pri:0, instance:rahulshettyacademy.tests.SubmitOrder@29ca3d04]" started-at="2024-11-21T18:27:44 IST" name="verifyorder" data-provider="getdata" finished-at="2024-11-21T18:27:45 IST" depends-on-methods="rahulshettyacademy.tests.SubmitOrder.submitorder" duration-ms="1384" status="PASS">
          <params>
            <param index="0">
              <value>
                <![CDATA[{password=Varun@1234, product=ADIDAS ORIGINAL, email=naveen1@gmailyahoo.com}]]>
              </value>
            </param>
          </params>
          <reporter-output>
          </reporter-output>
        </test-method> <!-- verifyorder -->
      </class> <!-- rahulshettyacademy.tests.SubmitOrder -->
      <class name="rahulshettyacademy.tests.ErrorValidation">
        <test-method is-config="true" signature="driverlaunch()[pri:0, instance:rahulshettyacademy.tests.ErrorValidation@33308786]" started-at="2024-11-21T18:27:45 IST" name="driverlaunch" finished-at="2024-11-21T18:27:49 IST" duration-ms="3533" status="PASS">
          <reporter-output>
          </reporter-output>
        </test-method> <!-- driverlaunch -->
        <test-method signature="incorrectlogin()[pri:0, instance:rahulshettyacademy.tests.ErrorValidation@33308786]" started-at="2024-11-21T18:27:49 IST" name="incorrectlogin" finished-at="2024-11-21T18:27:50 IST" duration-ms="1170" status="FAIL">
          <exception class="java.lang.AssertionError">
            <message>
              <![CDATA[expected [Incorrect email1 or password.] but found [Incorrect email or password.]]]>
            </message>
            <full-stacktrace>
              <![CDATA[java.lang.AssertionError: expected [Incorrect email1 or password.] but found [Incorrect email or password.]
at org.testng.Assert.fail(Assert.java:111)
at org.testng.Assert.failNotEquals(Assert.java:1578)
at org.testng.Assert.assertEqualsImpl(Assert.java:150)
at org.testng.Assert.assertEquals(Assert.java:132)
at org.testng.Assert.assertEquals(Assert.java:656)
at org.testng.Assert.assertEquals(Assert.java:666)
at rahulshettyacademy.tests.ErrorValidation.incorrectlogin(ErrorValidation.java:24)
at java.base/jdk.internal.reflect.NativeMethodAccessorImpl.invoke0(Native Method)
at java.base/jdk.internal.reflect.NativeMethodAccessorImpl.invoke(NativeMethodAccessorImpl.java:78)
at java.base/jdk.internal.reflect.DelegatingMethodAccessorImpl.invoke(DelegatingMethodAccessorImpl.java:43)
at java.base/java.lang.reflect.Method.invoke(Method.java:567)
at org.testng.internal.invokers.MethodInvocationHelper.invokeMethod(MethodInvocationHelper.java:141)
at org.testng.internal.invokers.TestInvoker.invokeMethod(TestInvoker.java:686)
at org.testng.internal.invokers.TestInvoker.invokeTestMethod(TestInvoker.java:230)
at org.testng.internal.invokers.MethodRunner.runInSequence(MethodRunner.java:63)
at org.testng.internal.invokers.TestInvoker$MethodInvocationAgent.invoke(TestInvoker.java:992)
at org.testng.internal.invokers.TestInvoker.invokeTestMethods(TestInvoker.java:203)
at org.testng.internal.invokers.TestMethodWorker.invokeTestMethods(TestMethodWorker.java:154)
at org.testng.internal.invokers.TestMethodWorker.run(TestMethodWorker.java:134)
at java.base/java.util.ArrayList.forEach(ArrayList.java:1511)
at org.testng.TestRunner.privateRun(TestRunner.java:739)
at org.testng.TestRunner.run(TestRunner.java:614)
at org.testng.SuiteRunner.runTest(SuiteRunner.java:421)
at org.testng.SuiteRunner.runSequentially(SuiteRunner.java:413)
at org.testng.SuiteRunner.privateRun(SuiteRunner.java:373)
at org.testng.SuiteRunner.run(SuiteRunner.java:312)
at org.testng.SuiteRunnerWorker.runSuite(SuiteRunnerWorker.java:52)
at org.testng.SuiteRunnerWorker.run(SuiteRunnerWorker.java:95)
at org.testng.TestNG.runSuitesSequentially(TestNG.java:1274)
at org.testng.TestNG.runSuitesLocally(TestNG.java:1208)
at org.testng.TestNG.runSuites(TestNG.java:1112)
at org.testng.TestNG.run(TestNG.java:1079)
at org.testng.remote.AbstractRemoteTestNG.run(AbstractRemoteTestNG.java:115)
at org.testng.remote.RemoteTestNG.initAndRun(RemoteTestNG.java:293)
at org.testng.remote.RemoteTestNG.main(RemoteTestNG.java:91)
]]>
            </full-stacktrace>
          </exception> <!-- java.lang.AssertionError -->
          <reporter-output>
          </reporter-output>
        </test-method> <!-- incorrectlogin -->
        <test-method is-config="true" signature="driverlaunch()[pri:0, instance:rahulshettyacademy.tests.ErrorValidation@33308786]" started-at="2024-11-21T18:27:50 IST" name="driverlaunch" finished-at="2024-11-21T18:27:55 IST" duration-ms="4672" status="PASS">
          <reporter-output>
          </reporter-output>
        </test-method> <!-- driverlaunch -->
        <test-method signature="incorrectproduct()[pri:0, instance:rahulshettyacademy.tests.ErrorValidation@33308786]" started-at="2024-11-21T18:27:55 IST" name="incorrectproduct" finished-at="2024-11-21T18:28:01 IST" duration-ms="6175" status="PASS">
          <reporter-output>
          </reporter-output>
        </test-method> <!-- incorrectproduct -->
      </class> <!-- rahulshettyacademy.tests.ErrorValidation -->
    </test> <!-- Test -->
  </suite> <!-- Suite -->
</testng-results>
